<?xml version="1.0" encoding="UTF-8"?>
<!-- Generated by org.testng.reporters.JUnitXMLReporter -->
<testsuite hostname="DESKTOP-8REHEA8" name="Default test" tests="2" failures="0" timestamp="5 Sep 2018 12:37:37 GMT" time="127.099" errors="0">
  <testcase name="ForgetPassValidation" time="3.267" classname="bonifyLoginPage.Task3_LoginPageValidation"/>
  <testcase name="RegistrationPgValidation" time="3.231" classname="bonifyLoginPage.Task3_LoginPageValidation"/>
</testsuite> <!-- Default test -->
