<?xml version="1.0" encoding="UTF-8"?>
<testng-results skipped="0" failed="0" total="1" passed="1">
  <reporter-output>
  </reporter-output>
  <suite name="Default suite" duration-ms="21050" started-at="2018-09-10T18:09:26Z" finished-at="2018-09-10T18:09:47Z">
    <groups>
    </groups>
    <test name="Default test" duration-ms="21050" started-at="2018-09-10T18:09:26Z" finished-at="2018-09-10T18:09:47Z">
      <class name="bonifyLoginPage.ForgotPasswordTest">
        <test-method status="PASS" signature="SetUp()[pri:0, instance:bonifyLoginPage.ForgotPasswordTest@46d56d67]" name="SetUp" is-config="true" duration-ms="17057" started-at="2018-09-10T20:09:26Z" finished-at="2018-09-10T20:09:43Z">
          <reporter-output>
          </reporter-output>
        </test-method> <!-- SetUp -->
        <test-method status="PASS" signature="ForgetPass()[pri:0, instance:bonifyLoginPage.ForgotPasswordTest@46d56d67]" name="ForgetPass" duration-ms="2591" started-at="2018-09-10T20:09:43Z" finished-at="2018-09-10T20:09:46Z">
          <reporter-output>
          </reporter-output>
        </test-method> <!-- ForgetPass -->
        <test-method status="PASS" signature="TearDown()[pri:0, instance:bonifyLoginPage.ForgotPasswordTest@46d56d67]" name="TearDown" is-config="true" duration-ms="1387" started-at="2018-09-10T20:09:46Z" finished-at="2018-09-10T20:09:47Z">
          <reporter-output>
          </reporter-output>
        </test-method> <!-- TearDown -->
      </class> <!-- bonifyLoginPage.ForgotPasswordTest -->
    </test> <!-- Default test -->
  </suite> <!-- Default suite -->
</testng-results>
